<?xml version="1.0" encoding="UTF-8"?>
<<<<<<< HEAD
<testsuite xmlns:xsi="http://www.w3.org/2001/XMLSchema-instance" xsi:noNamespaceSchemaLocation="https://maven.apache.org/surefire/maven-surefire-plugin/xsd/surefire-test-report.xsd" name="HMTest" time="0.094" tests="9" errors="0" skipped="0" failures="0">
=======
<testsuite xmlns:xsi="http://www.w3.org/2001/XMLSchema-instance" xsi:noNamespaceSchemaLocation="https://maven.apache.org/surefire/maven-surefire-plugin/xsd/surefire-test-report.xsd" name="HMTest" time="0.022" tests="9" errors="0" skipped="0" failures="0">
>>>>>>> 2fd55e8af76518e722a9b9e40c3351e3745496f9
  <properties>
    <property name="java.specification.version" value="17"/>
    <property name="sun.jnu.encoding" value="UTF-8"/>
    <property name="java.class.path" value="/Users/hooriyakazmi/Downloads/GLMaven_Project1_Fall2025/target/test-classes:/Users/hooriyakazmi/Downloads/GLMaven_Project1_Fall2025/target/classes:/Users/hooriyakazmi/.m2/repository/org/junit/jupiter/junit-jupiter/5.9.1/junit-jupiter-5.9.1.jar:/Users/hooriyakazmi/.m2/repository/org/junit/jupiter/junit-jupiter-api/5.9.1/junit-jupiter-api-5.9.1.jar:/Users/hooriyakazmi/.m2/repository/org/opentest4j/opentest4j/1.2.0/opentest4j-1.2.0.jar:/Users/hooriyakazmi/.m2/repository/org/junit/platform/junit-platform-commons/1.9.1/junit-platform-commons-1.9.1.jar:/Users/hooriyakazmi/.m2/repository/org/apiguardian/apiguardian-api/1.1.2/apiguardian-api-1.1.2.jar:/Users/hooriyakazmi/.m2/repository/org/junit/jupiter/junit-jupiter-params/5.9.1/junit-jupiter-params-5.9.1.jar:/Users/hooriyakazmi/.m2/repository/org/junit/jupiter/junit-jupiter-engine/5.9.1/junit-jupiter-engine-5.9.1.jar:/Users/hooriyakazmi/.m2/repository/org/junit/platform/junit-platform-engine/1.9.1/junit-platform-engine-1.9.1.jar:"/>
    <property name="java.vm.vendor" value="Homebrew"/>
    <property name="sun.arch.data.model" value="64"/>
    <property name="java.vendor.url" value="https://github.com/Homebrew/homebrew-core/issues"/>
    <property name="os.name" value="Mac OS X"/>
    <property name="java.vm.specification.version" value="17"/>
    <property name="sun.java.launcher" value="SUN_STANDARD"/>
    <property name="user.country" value="US"/>
<<<<<<< HEAD
    <property name="sun.boot.library.path" value="C:\Users\amman\fall 2024 mess\Downloads\jdk-11.0.28_windows-x64_bin\jdk-11.0.28\bin"/>
    <property name="sun.java.command" value="C:\Users\amman\AppData\Local\Temp\surefire11978309135963857347\surefirebooter6965808134753154124.jar C:\Users\amman\AppData\Local\Temp\surefire11978309135963857347 2025-09-24T13-59-17_761-jvmRun1 surefire12656331033100241191tmp surefire_010652435682039947989tmp"/>
=======
    <property name="sun.boot.library.path" value="/opt/homebrew/Cellar/openjdk@17/17.0.15/libexec/openjdk.jdk/Contents/Home/lib"/>
    <property name="sun.java.command" value="/Users/hooriyakazmi/Downloads/GLMaven_Project1_Fall2025/target/surefire/surefirebooter8915875242201942774.jar /Users/hooriyakazmi/Downloads/GLMaven_Project1_Fall2025/target/surefire 2025-09-24T14-33-54_619-jvmRun1 surefire1903605694006915161tmp surefire_05673104062646967989tmp"/>
    <property name="http.nonProxyHosts" value="local|*.local|169.254/16|*.169.254/16"/>
>>>>>>> 2fd55e8af76518e722a9b9e40c3351e3745496f9
    <property name="jdk.debug" value="release"/>
    <property name="surefire.test.class.path" value="/Users/hooriyakazmi/Downloads/GLMaven_Project1_Fall2025/target/test-classes:/Users/hooriyakazmi/Downloads/GLMaven_Project1_Fall2025/target/classes:/Users/hooriyakazmi/.m2/repository/org/junit/jupiter/junit-jupiter/5.9.1/junit-jupiter-5.9.1.jar:/Users/hooriyakazmi/.m2/repository/org/junit/jupiter/junit-jupiter-api/5.9.1/junit-jupiter-api-5.9.1.jar:/Users/hooriyakazmi/.m2/repository/org/opentest4j/opentest4j/1.2.0/opentest4j-1.2.0.jar:/Users/hooriyakazmi/.m2/repository/org/junit/platform/junit-platform-commons/1.9.1/junit-platform-commons-1.9.1.jar:/Users/hooriyakazmi/.m2/repository/org/apiguardian/apiguardian-api/1.1.2/apiguardian-api-1.1.2.jar:/Users/hooriyakazmi/.m2/repository/org/junit/jupiter/junit-jupiter-params/5.9.1/junit-jupiter-params-5.9.1.jar:/Users/hooriyakazmi/.m2/repository/org/junit/jupiter/junit-jupiter-engine/5.9.1/junit-jupiter-engine-5.9.1.jar:/Users/hooriyakazmi/.m2/repository/org/junit/platform/junit-platform-engine/1.9.1/junit-platform-engine-1.9.1.jar:"/>
    <property name="sun.cpu.endian" value="little"/>
    <property name="user.home" value="/Users/hooriyakazmi"/>
    <property name="user.language" value="en"/>
    <property name="java.specification.vendor" value="Oracle Corporation"/>
    <property name="java.version.date" value="2025-04-15"/>
    <property name="java.home" value="/opt/homebrew/Cellar/openjdk@17/17.0.15/libexec/openjdk.jdk/Contents/Home"/>
    <property name="file.separator" value="/"/>
    <property name="basedir" value="/Users/hooriyakazmi/Downloads/GLMaven_Project1_Fall2025"/>
    <property name="java.vm.compressedOopsMode" value="Zero based"/>
    <property name="line.separator" value="&#10;"/>
    <property name="java.specification.name" value="Java Platform API Specification"/>
    <property name="java.vm.specification.vendor" value="Oracle Corporation"/>
<<<<<<< HEAD
    <property name="java.awt.graphicsenv" value="sun.awt.Win32GraphicsEnvironment"/>
    <property name="surefire.real.class.path" value="C:\Users\amman\AppData\Local\Temp\surefire11978309135963857347\surefirebooter6965808134753154124.jar"/>
    <property name="user.script" value=""/>
=======
    <property name="surefire.real.class.path" value="/Users/hooriyakazmi/Downloads/GLMaven_Project1_Fall2025/target/surefire/surefirebooter8915875242201942774.jar"/>
>>>>>>> 2fd55e8af76518e722a9b9e40c3351e3745496f9
    <property name="sun.management.compiler" value="HotSpot 64-Bit Tiered Compilers"/>
    <property name="ftp.nonProxyHosts" value="local|*.local|169.254/16|*.169.254/16"/>
    <property name="java.runtime.version" value="17.0.15+0"/>
    <property name="user.name" value="hooriyakazmi"/>
    <property name="path.separator" value=":"/>
    <property name="os.version" value="15.5"/>
    <property name="java.runtime.name" value="OpenJDK Runtime Environment"/>
    <property name="file.encoding" value="UTF-8"/>
    <property name="java.vm.name" value="OpenJDK 64-Bit Server VM"/>
    <property name="java.vendor.version" value="Homebrew"/>
    <property name="localRepository" value="/Users/hooriyakazmi/.m2/repository"/>
    <property name="java.vendor.url.bug" value="https://github.com/Homebrew/homebrew-core/issues"/>
    <property name="java.io.tmpdir" value="/var/folders/m0/x2b0ftp52_v1zzhhgfgdck4c0000gn/T/"/>
    <property name="java.version" value="17.0.15"/>
    <property name="user.dir" value="/Users/hooriyakazmi/Downloads/GLMaven_Project1_Fall2025"/>
    <property name="os.arch" value="aarch64"/>
    <property name="java.vm.specification.name" value="Java Virtual Machine Specification"/>
    <property name="native.encoding" value="UTF-8"/>
    <property name="java.library.path" value="/Users/hooriyakazmi/Library/Java/Extensions:/Library/Java/Extensions:/Network/Library/Java/Extensions:/System/Library/Java/Extensions:/usr/lib/java:."/>
    <property name="java.vm.info" value="mixed mode, sharing"/>
    <property name="java.vendor" value="Homebrew"/>
    <property name="java.vm.version" value="17.0.15+0"/>
    <property name="java.specification.maintenance.version" value="1"/>
    <property name="sun.io.unicode.encoding" value="UnicodeBig"/>
    <property name="socksNonProxyHosts" value="local|*.local|169.254/16|*.169.254/16"/>
    <property name="java.class.version" value="61.0"/>
  </properties>
<<<<<<< HEAD
  <testcase name="testReplaceMissingDoesNotChangeSize" classname="HMTest" time="0.057"/>
  <testcase name="testGetUnderMultipleInserts" classname="HMTest" time="0.001"/>
  <testcase name="testReplaceUpdatesValue" classname="HMTest" time="0.001"/>
  <testcase name="testIteratorCoversAllValues" classname="HMTest" time="0.004"/>
  <testcase name="testConstructorAndPut" classname="HMTest" time="0.003"/>
  <testcase name="testGetAndReplace" classname="HMTest" time="0.001"/>
  <testcase name="testCollisionsIncreaseSize" classname="HMTest" time="0.001"/>
  <testcase name="testIsEmpty" classname="HMTest" time="0.001"/>
  <testcase name="testIterator" classname="HMTest" time="0.001"/>
=======
  <testcase name="testReplaceMissingDoesNotChangeSize" classname="HMTest" time="0.011"/>
  <testcase name="testGetUnderMultipleInserts" classname="HMTest" time="0"/>
  <testcase name="testReplaceUpdatesValue" classname="HMTest" time="0"/>
  <testcase name="testIteratorCoversAllValues" classname="HMTest" time="0.001"/>
  <testcase name="testConstructorAndPut" classname="HMTest" time="0"/>
  <testcase name="testGetAndReplace" classname="HMTest" time="0"/>
  <testcase name="testCollisionsIncreaseSize" classname="HMTest" time="0"/>
  <testcase name="testIsEmpty" classname="HMTest" time="0"/>
  <testcase name="testIterator" classname="HMTest" time="0"/>
>>>>>>> 2fd55e8af76518e722a9b9e40c3351e3745496f9
</testsuite>